<?xml version="1.0" encoding="UTF-8"?>
<!-- Generated by org.testng.reporters.JUnitXMLReporter -->
<testsuite hostname="LAPTOP-01TN7J6A" ignored="0" name="Negetive Test Case" tests="1" failures="1" timestamp="06 Oct 2019 10:04:17 GMT" time="23.331" errors="0">
  <testcase name="testMethod on [TestSutes passed=0 failed=0 skipped=0]" time="3.806" classname="uitests.smoke.TestSutes">
    <failure type="java.lang.AssertionError" message="Expected text not found on page! expected [true] but found [false]">
      <![CDATA[java.lang.AssertionError: Expected text not found on page! expected [true] but found [false]
at uitests.smoke.TestSutes.testMethod(TestSutes.java:55)
... Removed 28 stack frames]]>
    </failure>
  </testcase> <!-- testMethod on [TestSutes passed=0 failed=0 skipped=0] -->
</testsuite> <!-- Negetive Test Case -->
